<?xml version="1.0" encoding="UTF-8"?>
<!-- Generated by org.testng.reporters.JUnitReportReporter -->
<testsuite skipped="0" hostname="LTIN213619" name="Modules.LanguageLearning" tests="2" failures="0" timestamp="20 Jan 2022 09:11:32 GMT" time="166.015" errors="0">
  <testcase name="languageLearning" time="163.852" classname="Modules.LanguageLearning"/>
  <testcase name="print" time="2.163" classname="Modules.LanguageLearning"/>
</testsuite> <!-- Modules.LanguageLearning -->
