<?xml version="1.0" encoding="UTF-8"?>
<!-- Generated by org.testng.reporters.JUnitReportReporter -->
<testsuite skipped="0" hostname="LTIN213619" name="Modules.CampusForm.TestValidData" tests="4" failures="0" timestamp="20 Jan 2022 09:18:07 GMT" time="100.564" errors="0">
  <testcase name="GoToURL" time="28.802" classname="Modules.CampusForm.TestValidData"/>
  <testcase name="NavigateToForm" time="54.130" classname="Modules.CampusForm.TestValidData"/>
  <testcase name="verifyElements" time="1.071" classname="Modules.CampusForm.TestValidData"/>
  <testcase name="fillFormValidData" time="16.561" classname="Modules.CampusForm.TestValidData"/>
</testsuite> <!-- Modules.CampusForm.TestValidData -->
