<?xml version="1.0" encoding="UTF-8"?>
<!-- Generated by org.testng.reporters.JUnitReportReporter -->
<testsuite skipped="0" hostname="LTIN213619" name="Modules.CampusForm.NullData" tests="4" failures="0" timestamp="20 Jan 2022 09:18:07 GMT" time="103.981" errors="0">
  <testcase name="GoToURL" time="39.772" classname="Modules.CampusForm.NullData"/>
  <testcase name="NavigateToForm" time="60.992" classname="Modules.CampusForm.NullData"/>
  <testcase name="verifyElements" time="1.020" classname="Modules.CampusForm.NullData"/>
  <testcase name="submitForm" time="2.197" classname="Modules.CampusForm.NullData"/>
</testsuite> <!-- Modules.CampusForm.NullData -->
