<?xml version="1.0" encoding="UTF-8"?>
<!-- Generated by org.testng.reporters.JUnitReportReporter -->
<testsuite skipped="0" hostname="LTIN213619" name="Modules.Form" tests="1" failures="0" timestamp="20 Jan 2022 08:53:31 GMT" time="82.865" errors="0">
  <testcase name="startTest" time="82.865" classname="Modules.Form"/>
</testsuite> <!-- Modules.Form -->
