<?xml version="1.0" encoding="UTF-8"?>
<!-- Generated by org.testng.reporters.JUnitReportReporter -->
<testsuite skipped="0" hostname="LTIN213619" name="Modules.CampusForm.TestInvalidData" tests="4" failures="0" timestamp="20 Jan 2022 09:18:07 GMT" time="104.624" errors="0">
  <testcase name="GoToURL" time="35.614" classname="Modules.CampusForm.TestInvalidData"/>
  <testcase name="NavigateToForm" time="48.562" classname="Modules.CampusForm.TestInvalidData"/>
  <testcase name="verifyElements" time="1.814" classname="Modules.CampusForm.TestInvalidData"/>
  <testcase name="fillFormInvalidData" time="18.634" classname="Modules.CampusForm.TestInvalidData"/>
</testsuite> <!-- Modules.CampusForm.TestInvalidData -->
