<?xml version="1.0" encoding="UTF-8"?>
<!-- Generated by org.testng.reporters.JUnitReportReporter -->
<testsuite skipped="0" hostname="LTIN213619" name="Modules.LanguageLearning" tests="1" failures="0" timestamp="18 Jan 2022 07:48:19 GMT" time="92.686" errors="0">
  <testcase name="languageLearning" time="92.686" classname="Modules.LanguageLearning"/>
</testsuite> <!-- Modules.LanguageLearning -->
